<?xml version="1.0" encoding="UTF-8"?>
<!-- Generated by org.testng.reporters.JUnitReportReporter -->
<testsuite hostname="DESKTOP-KSVQPUC" failures="0" tests="1" name="Testcases.TC01_Login" time="10.648" errors="0" timestamp="04 Nov 2017 10:55:32 GMT" skipped="0">
  <testcase classname="Testcases.TC01_Login" name="loginToAccount" time="10.648"/>
</testsuite> <!-- Testcases.TC01_Login -->
