<?xml version="1.0" encoding="UTF-8"?>
<!-- Generated by org.testng.reporters.JUnitReportReporter -->
<testsuite skipped="0" hostname="DESKTOP-9803A9T" name="Testcases.TC03_UpdatePassword" tests="1" failures="0" timestamp="03 Nov 2017 10:53:18 GMT" time="28.562" errors="0">
  <testcase name="loginToAccount" time="28.562" classname="Testcases.TC03_UpdatePassword"/>
</testsuite> <!-- Testcases.TC03_UpdatePassword -->
