<?xml version="1.0" encoding="UTF-8"?>
<!-- Generated by org.testng.reporters.JUnitReportReporter -->
<testsuite skipped="0" hostname="DESKTOP-9803A9T" name="Testcases.TC01_Login" tests="1" failures="0" timestamp="01 Nov 2017 08:58:07 GMT" time="10.504" errors="0">
  <testcase name="loginToAccount" time="10.504" classname="Testcases.TC01_Login"/>
</testsuite> <!-- Testcases.TC01_Login -->
