<?xml version="1.0" encoding="UTF-8"?>
<!-- Generated by org.testng.reporters.JUnitReportReporter -->
<testsuite hostname="DESKTOP-KSVQPUC" failures="0" tests="1" name="Testcases.TC03_UpdatePassword" time="33.158" errors="0" timestamp="04 Nov 2017 15:26:53 GMT" skipped="0">
  <testcase classname="Testcases.TC03_UpdatePassword" name="loginToAccount" time="33.158"/>
</testsuite> <!-- Testcases.TC03_UpdatePassword -->
