<?xml version="1.0" encoding="UTF-8"?>
<!-- Generated by org.testng.reporters.JUnitReportReporter -->
<testsuite hostname="DESKTOP-KSVQPUC" failures="0" tests="1" name="Testcases.TC02_RegisterAccount" time="35.197" errors="0" timestamp="04 Nov 2017 14:35:00 GMT" skipped="0">
  <testcase classname="Testcases.TC02_RegisterAccount" name="loginToAccount" time="35.197"/>
</testsuite> <!-- Testcases.TC02_RegisterAccount -->
