<?xml version="1.0" encoding="UTF-8"?>
<!-- Generated by org.testng.reporters.JUnitReportReporter -->
<testsuite skipped="0" hostname="DESKTOP-9803A9T" name="Testcases.TC02_RegisterAccount" tests="1" failures="0" timestamp="01 Nov 2017 10:39:35 GMT" time="10.027" errors="0">
  <testcase name="loginToAccount" time="10.027" classname="Testcases.TC02_RegisterAccount"/>
</testsuite> <!-- Testcases.TC02_RegisterAccount -->
